[debug] [2023-07-05T11:09:42.068Z] ----------------------------------------------------------------------
[debug] [2023-07-05T11:09:42.069Z] Command:       /Users/danish/.nvm/versions/node/v16.14.0/bin/node /Users/danish/.nvm/versions/node/v16.14.0/bin/firebase init
[debug] [2023-07-05T11:09:42.069Z] CLI Version:   12.4.2
[debug] [2023-07-05T11:09:42.069Z] Platform:      darwin
[debug] [2023-07-05T11:09:42.069Z] Node Version:  v16.14.0
[debug] [2023-07-05T11:09:42.070Z] Time:          Wed Jul 05 2023 04:09:42 GMT-0700 (Pacific Daylight Time)
[debug] [2023-07-05T11:09:42.070Z] ----------------------------------------------------------------------
[debug] 
[debug] [2023-07-05T11:09:42.072Z] > command requires scopes: ["email","openid","https://www.googleapis.com/auth/cloudplatformprojects.readonly","https://www.googleapis.com/auth/firebase","https://www.googleapis.com/auth/cloud-platform"]
[debug] [2023-07-05T11:09:42.072Z] > authorizing via signed-in user (danishra@usc.edu)
[info] 
     ######## #### ########  ######## ########     ###     ######  ########
     ##        ##  ##     ## ##       ##     ##  ##   ##  ##       ##
     ######    ##  ########  ######   ########  #########  ######  ######
     ##        ##  ##    ##  ##       ##     ## ##     ##       ## ##
     ##       #### ##     ## ######## ########  ##     ##  ######  ########

You're about to initialize a Firebase project in this directory:

  /Users/danish/Desktop/Courses/Firebase React

[info] 
=== Project Setup
[info] 
[info] First, let's associate this project directory with a Firebase project.
[info] You can create multiple project aliases by running firebase use --add, 
[info] but for now we'll just set up a default project.
[info] 
[debug] [2023-07-05T11:10:13.837Z] > refreshing access token with scopes: []
[debug] [2023-07-05T11:10:13.840Z] >>> [apiv2][query] POST https://www.googleapis.com/oauth2/v3/token [none]
[debug] [2023-07-05T11:10:13.840Z] >>> [apiv2][body] POST https://www.googleapis.com/oauth2/v3/token [omitted]
[debug] [2023-07-05T11:10:14.079Z] <<< [apiv2][status] POST https://www.googleapis.com/oauth2/v3/token 200
[debug] [2023-07-05T11:10:14.079Z] <<< [apiv2][body] POST https://www.googleapis.com/oauth2/v3/token [omitted]
[debug] [2023-07-05T11:10:14.090Z] >>> [apiv2][query] GET https://firebase.googleapis.com/v1beta1/projects pageSize=100
[debug] [2023-07-05T11:10:14.688Z] <<< [apiv2][status] GET https://firebase.googleapis.com/v1beta1/projects 200
[debug] [2023-07-05T11:10:14.688Z] <<< [apiv2][body] GET https://firebase.googleapis.com/v1beta1/projects [omitted]
[info] i  Using project fir-course-cfcd4 (firebase-course) 
[info] 
=== Hosting Setup
[info] 
[info] Your public directory is the folder (relative to your project directory) that
[info] will contain Hosting assets to be uploaded with firebase deploy. If you
[info] have a build process for your assets, use your build's output directory.
[info] 
[info] i  Skipping write of public/404.html 
[debug] [2023-07-05T11:11:51.296Z] >>> [apiv2][query] GET https://www.gstatic.com/firebasejs/releases.json [none]
[debug] [2023-07-05T11:11:54.418Z] <<< [apiv2][status] GET https://www.gstatic.com/firebasejs/releases.json 200
[debug] [2023-07-05T11:11:54.419Z] <<< [apiv2][body] GET https://www.gstatic.com/firebasejs/releases.json {"current":{"version":"9.23.0","browserURL":"https://www.gstatic.com/firebasejs/9.23.0/firebase.js","packageURL":"https://www.gstatic.com/firebasejs/9.23.0/firebase.tgz"},"live":{"version":"9.23","browserURL":"https://www.gstatic.com/firebasejs/live/9.23/firebase.js","packageURL":"https://www.gstatic.com/firebasejs/live/9.23/firebase.tgz"},"components":{"analytics":"https://www.gstatic.com/firebasejs/9.23.0/firebase-analytics.js","app":"https://www.gstatic.com/firebasejs/9.23.0/firebase-app.js","app-check":"https://www.gstatic.com/firebasejs/9.23.0/firebase-app-check.js","auth":"https://www.gstatic.com/firebasejs/9.23.0/firebase-auth.js","auth/cordova":"https://www.gstatic.com/firebasejs/9.23.0/firebase-auth/cordova.js","auth/react-native":"https://www.gstatic.com/firebasejs/9.23.0/firebase-auth/react-native.js","functions":"https://www.gstatic.com/firebasejs/9.23.0/firebase-functions.js","firestore":"https://www.gstatic.com/firebasejs/9.23.0/firebase-firestore.js","firestore/lite":"https://www.gstatic.com/firebasejs/9.23.0/firebase-firestore/lite.js","installations":"https://www.gstatic.com/firebasejs/9.23.0/firebase-installations.js","storage":"https://www.gstatic.com/firebasejs/9.23.0/firebase-storage.js","performance":"https://www.gstatic.com/firebasejs/9.23.0/firebase-performance.js","remote-config":"https://www.gstatic.com/firebasejs/9.23.0/firebase-remote-config.js","messaging":"https://www.gstatic.com/firebasejs/9.23.0/firebase-messaging.js","messaging/sw":"https://www.gstatic.com/firebasejs/9.23.0/firebase-messaging/sw.js","database":"https://www.gstatic.com/firebasejs/9.23.0/firebase-database.js","firestore.memory":"https://www.gstatic.com/firebasejs/9.23.0/firebase-firestore.memory.js"}}
[info] i  Skipping write of public/index.html 
[info] 
[info] i  Detected a .git folder at /Users/danish/Desktop/Courses/Firebase React 
[info] i  Authorizing with GitHub to upload your service account to a GitHub repository's secrets store. 
[info] 
[info] Visit this URL on this device to log in:
[info] https://github.com/login/oauth/authorize?client_id=89cf50f02ac6aaed3484&state=5249835&redirect_uri=http%3A%2F%2Flocalhost%3A9005&scope=read%3Auser%20repo%20public_repo
[info] 
[info] Waiting for authentication...
[debug] [2023-07-05T11:11:59.460Z] >>> [apiv2][query] POST https://github.com/login/oauth/access_token [none]
[debug] [2023-07-05T11:11:59.460Z] >>> [apiv2][body] POST https://github.com/login/oauth/access_token [stream]
[debug] [2023-07-05T11:11:59.804Z] <<< [apiv2][status] POST https://github.com/login/oauth/access_token 200
[debug] [2023-07-05T11:11:59.805Z] <<< [apiv2][body] POST https://github.com/login/oauth/access_token {"access_token":"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","token_type":"bearer","scope":"read:user,repo"}
[debug] [2023-07-05T11:11:59.840Z] >>> [apiv2][query] GET https://api.github.com/user [none]
[debug] [2023-07-05T11:12:00.151Z] <<< [apiv2][status] GET https://api.github.com/user 200
[debug] [2023-07-05T11:12:00.152Z] <<< [apiv2][body] GET https://api.github.com/user {"login":"DanishJain99","id":41293943,"node_id":"MDQ6VXNlcjQxMjkzOTQz","avatar_url":"https://avatars.githubusercontent.com/u/41293943?v=4","gravatar_id":"","url":"https://api.github.com/users/DanishJain99","html_url":"https://github.com/DanishJain99","followers_url":"https://api.github.com/users/DanishJain99/followers","following_url":"https://api.github.com/users/DanishJain99/following{/other_user}","gists_url":"https://api.github.com/users/DanishJain99/gists{/gist_id}","starred_url":"https://api.github.com/users/DanishJain99/starred{/owner}{/repo}","subscriptions_url":"https://api.github.com/users/DanishJain99/subscriptions","organizations_url":"https://api.github.com/users/DanishJain99/orgs","repos_url":"https://api.github.com/users/DanishJain99/repos","events_url":"https://api.github.com/users/DanishJain99/events{/privacy}","received_events_url":"https://api.github.com/users/DanishJain99/received_events","type":"User","site_admin":false,"name":"Danish Jain","company":"University of Southern California","blog":"","location":"Los Angeles, California","email":null,"hireable":null,"bio":null,"twitter_username":null,"public_repos":4,"public_gists":0,"followers":0,"following":0,"created_at":"2018-07-16T12:44:50Z","updated_at":"2023-07-05T10:09:18Z","private_gists":1,"total_private_repos":2,"owned_private_repos":2,"disk_usage":10114,"collaborators":0,"two_factor_authentication":false,"plan":{"name":"pro","space":976562499,"collaborators":0,"private_repos":9999}}
[info] 
[info] ✔  Success! Logged into GitHub as DanishJain99 
[info] 
